#
# There is insufficient memory for the Java Runtime Environment to continue.
# Native memory allocation (mmap) failed to map 78643200 bytes for committing reserved memory.
# Possible reasons:
#   The system is out of physical RAM or swap space
#   In 32 bit mode, the process size limit was hit
# Possible solutions:
#   Reduce memory load on the system
#   Increase physical memory or swap space
#   Check if swap backing store is full
#   Use 64 bit Java on a 64 bit OS
#   Decrease Java heap size (-Xmx/-Xms)
#   Decrease number of Java threads
#   Decrease Java thread stack sizes (-Xss)
#   Set larger code cache with -XX:ReservedCodeCacheSize=
# This output file may be truncated or incomplete.
#
#  Out of Memory Error (os_linux.cpp:2627), pid=4173, tid=140641545844480
#
# JRE version: Java(TM) SE Runtime Environment (8.0_91-b14) (build 1.8.0_91-b14)
# Java VM: Java HotSpot(TM) 64-Bit Server VM (25.91-b14 mixed mode linux-amd64 compressed oops)
# Failed to write core dump. Core dumps have been disabled. To enable core dumping, try "ulimit -c unlimited" before starting Java again
#

---------------  T H R E A D  ---------------

Current thread (0x00007fe9cc077800):  VMThread [stack: 0x00007fe9a9517000,0x00007fe9a9618000] [id=4202]

Stack: [0x00007fe9a9517000,0x00007fe9a9618000],  sp=0x00007fe9a96162a0,  free space=1020k
Native frames: (J=compiled Java code, j=interpreted, Vv=VM code, C=native code)
V  [libjvm.so+0xabc18a]  VMError::report_and_die()+0x2ba
V  [libjvm.so+0x4fafeb]  report_vm_out_of_memory(char const*, int, unsigned long, VMErrorType, char const*)+0x8b
V  [libjvm.so+0x91cbb3]  os::Linux::commit_memory_impl(char*, unsigned long, bool)+0x103
V  [libjvm.so+0x91d109]  os::pd_commit_memory(char*, unsigned long, unsigned long, bool)+0x29
V  [libjvm.so+0x91740a]  os::commit_memory(char*, unsigned long, unsigned long, bool)+0x2a
V  [libjvm.so+0x98b033]  PSVirtualSpace::expand_by(unsigned long)+0x53
V  [libjvm.so+0x98c438]  PSYoungGen::resize_generation(unsigned long, unsigned long)+0xf8
V  [libjvm.so+0x98b592]  PSYoungGen::resize(unsigned long, unsigned long)+0x22
V  [libjvm.so+0x98886b]  PSScavenge::invoke_no_policy()+0xf3b
V  [libjvm.so+0x988ff1]  PSScavenge::invoke()+0x41
V  [libjvm.so+0x9408b0]  ParallelScavengeHeap::failed_mem_allocate(unsigned long)+0x70
V  [libjvm.so+0xabdba7]  VM_ParallelGCFailedAllocation::doit()+0x97
V  [libjvm.so+0xac55d5]  VM_Operation::evaluate()+0x55
V  [libjvm.so+0xac39aa]  VMThread::evaluate_operation(VM_Operation*)+0xba
V  [libjvm.so+0xac3d2e]  VMThread::loop()+0x1ce
V  [libjvm.so+0xac41a0]  VMThread::run()+0x70
V  [libjvm.so+0x91ef78]  java_start(Thread*)+0x108

VM_Operation (0x00007fe9d351f0d0): ParallelGCFailedAllocation, mode: safepoint, requested by thread 0x00007fe9cc00a000


---------------  P R O C E S S  ---------------

Java Threads: ( => current thread )
  0x00007fe9cc0cb800 JavaThread "Service Thread" daemon [_thread_blocked, id=4209, stack(0x00007fe9a8451000,0x00007fe9a8552000)]
  0x00007fe9cc0be000 JavaThread "C1 CompilerThread2" daemon [_thread_blocked, id=4208, stack(0x00007fe9a8552000,0x00007fe9a8653000)]
  0x00007fe9cc0bc800 JavaThread "C2 CompilerThread1" daemon [_thread_blocked, id=4207, stack(0x00007fe9a8653000,0x00007fe9a8754000)]
  0x00007fe9cc0b9800 JavaThread "C2 CompilerThread0" daemon [_thread_blocked, id=4206, stack(0x00007fe9a8754000,0x00007fe9a8855000)]
  0x00007fe9cc0b8000 JavaThread "Signal Dispatcher" daemon [_thread_blocked, id=4205, stack(0x00007fe9a8855000,0x00007fe9a8956000)]
  0x00007fe9cc084000 JavaThread "Finalizer" daemon [_thread_blocked, id=4204, stack(0x00007fe9a9315000,0x00007fe9a9416000)]
  0x00007fe9cc07f800 JavaThread "Reference Handler" daemon [_thread_blocked, id=4203, stack(0x00007fe9a9416000,0x00007fe9a9517000)]
  0x00007fe9cc00a000 JavaThread "main" [_thread_blocked, id=4197, stack(0x00007fe9d3421000,0x00007fe9d3522000)]

Other Threads:
=>0x00007fe9cc077800 VMThread [stack: 0x00007fe9a9517000,0x00007fe9a9618000] [id=4202]
  0x00007fe9cc0ce000 WatcherThread [stack: 0x00007fe9a8350000,0x00007fe9a8451000] [id=4210]

VM state:at safepoint (normal execution)

VM Mutex/Monitor currently owned by a thread:  ([mutex/lock_event])
[0x00007fe9cc0061a0] Threads_lock - owner thread: 0x00007fe9cc077800
[0x00007fe9cc0066a0] Heap_lock - owner thread: 0x00007fe9cc00a000

Heap:
 PSYoungGen      total 64000K, used 2544K [0x00000000ef580000, 0x00000000f3680000, 0x0000000100000000)
  eden space 61440K, 0% used [0x00000000ef580000,0x00000000ef580000,0x00000000f3180000)
  from space 2560K, 99% used [0x00000000f3180000,0x00000000f33fc010,0x00000000f3400000)
  to   space 2560K, 0% used [0x00000000f3400000,0x00000000f3400000,0x00000000f3680000)
 ParOldGen       total 40960K, used 15214K [0x00000000ce000000, 0x00000000d0800000, 0x00000000ef580000)
  object space 40960K, 37% used [0x00000000ce000000,0x00000000ceedbad0,0x00000000d0800000)
 Metaspace       used 16759K, capacity 17068K, committed 17280K, reserved 1064960K
  class space    used 2027K, capacity 2113K, committed 2176K, reserved 1048576K

Card table byte_map: [0x00007fe9d0043000,0x00007fe9d01d4000] byte_map_base: 0x00007fe9cf9d3000

Marking Bits: (ParMarkBitMap*) 0x00007fe9d28f1d60
 Begin Bits: [0x00007fe9aa700000, 0x00007fe9ab380000)
 End Bits:   [0x00007fe9ab380000, 0x00007fe9ac000000)

Polling page: 0x00007fe9d3540000

CodeCache: size=245760Kb used=8016Kb max_used=8024Kb free=237743Kb
 bounds [0x00007fe9bd000000, 0x00007fe9bd7e0000, 0x00007fe9cc000000]
 total_blobs=2777 nmethods=2439 adapters=251
 compilation: enabled

Compilation events (10 events):
Event: 5,599 Thread 0x00007fe9cc0be000 nmethod 2471 0x00007fe9bd7af150 code [0x00007fe9bd7af2a0, 0x00007fe9bd7af3b0]
Event: 5,600 Thread 0x00007fe9cc0be000 2472       1       org.apache.maven.model.Organization::getUrl (5 bytes)
Event: 5,600 Thread 0x00007fe9cc0be000 nmethod 2472 0x00007fe9bd7aee90 code [0x00007fe9bd7aefe0, 0x00007fe9bd7af0f0]
Event: 5,606 Thread 0x00007fe9cc0be000 2474       2       org.eclipse.aether.DefaultRepositoryCache::get (11 bytes)
Event: 5,606 Thread 0x00007fe9cc0be000 nmethod 2474 0x00007fe9bd7aeb10 code [0x00007fe9bd7aec80, 0x00007fe9bd7aee08]
Event: 5,608 Thread 0x00007fe9cc0be000 2475   !   2       org.apache.maven.model.MailingList::clone (105 bytes)
Event: 5,609 Thread 0x00007fe9cc0be000 nmethod 2475 0x00007fe9bd7add10 code [0x00007fe9bd7adf20, 0x00007fe9bd7ae5e8]
Event: 5,610 Thread 0x00007fe9cc0be000 2476       1       org.apache.maven.model.BuildBase::getDefaultGoal (5 bytes)
Event: 5,610 Thread 0x00007fe9cc0be000 nmethod 2476 0x00007fe9bd7ada50 code [0x00007fe9bd7adba0, 0x00007fe9bd7adcb0]
Event: 5,614 Thread 0x00007fe9cc0be000 2477       2       java.util.zip.ZipFile$ZipFileInflaterInputStream::available (41 bytes)

GC Heap History (9 events):
Event: 1,043 GC heap before
{Heap before GC invocations=1 (full 0):
 PSYoungGen      total 17920K, used 15360K [0x00000000ef580000, 0x00000000f0980000, 0x0000000100000000)
  eden space 15360K, 100% used [0x00000000ef580000,0x00000000f0480000,0x00000000f0480000)
  from space 2560K, 0% used [0x00000000f0700000,0x00000000f0700000,0x00000000f0980000)
  to   space 2560K, 0% used [0x00000000f0480000,0x00000000f0480000,0x00000000f0700000)
 ParOldGen       total 40960K, used 0K [0x00000000ce000000, 0x00000000d0800000, 0x00000000ef580000)
  object space 40960K, 0% used [0x00000000ce000000,0x00000000ce000000,0x00000000d0800000)
 Metaspace       used 7081K, capacity 7160K, committed 7424K, reserved 1056768K
  class space    used 860K, capacity 920K, committed 1024K, reserved 1048576K
Event: 1,058 GC heap after
Heap after GC invocations=1 (full 0):
 PSYoungGen      total 17920K, used 2531K [0x00000000ef580000, 0x00000000f1880000, 0x0000000100000000)
  eden space 15360K, 0% used [0x00000000ef580000,0x00000000ef580000,0x00000000f0480000)
  from space 2560K, 98% used [0x00000000f0480000,0x00000000f06f8e30,0x00000000f0700000)
  to   space 2560K, 0% used [0x00000000f1600000,0x00000000f1600000,0x00000000f1880000)
 ParOldGen       total 40960K, used 1107K [0x00000000ce000000, 0x00000000d0800000, 0x00000000ef580000)
  object space 40960K, 2% used [0x00000000ce000000,0x00000000ce114c60,0x00000000d0800000)
 Metaspace       used 7081K, capacity 7160K, committed 7424K, reserved 1056768K
  class space    used 860K, capacity 920K, committed 1024K, reserved 1048576K
}
Event: 1,577 GC heap before
{Heap before GC invocations=2 (full 0):
 PSYoungGen      total 17920K, used 17891K [0x00000000ef580000, 0x00000000f1880000, 0x0000000100000000)
  eden space 15360K, 100% used [0x00000000ef580000,0x00000000f0480000,0x00000000f0480000)
  from space 2560K, 98% used [0x00000000f0480000,0x00000000f06f8e30,0x00000000f0700000)
  to   space 2560K, 0% used [0x00000000f1600000,0x00000000f1600000,0x00000000f1880000)
 ParOldGen       total 40960K, used 1107K [0x00000000ce000000, 0x00000000d0800000, 0x00000000ef580000)
  object space 40960K, 2% used [0x00000000ce000000,0x00000000ce114c60,0x00000000d0800000)
 Metaspace       used 8117K, capacity 8184K, committed 8320K, reserved 1056768K
  class space    used 1016K, capacity 1048K, committed 1152K, reserved 1048576K
Event: 1,586 GC heap after
Heap after GC invocations=2 (full 0):
 PSYoungGen      total 33280K, used 2535K [0x00000000ef580000, 0x00000000f1880000, 0x0000000100000000)
  eden space 30720K, 0% used [0x00000000ef580000,0x00000000ef580000,0x00000000f1380000)
  from space 2560K, 99% used [0x00000000f1600000,0x00000000f1879c28,0x00000000f1880000)
  to   space 2560K, 0% used [0x00000000f1380000,0x00000000f1380000,0x00000000f1600000)
 ParOldGen       total 40960K, used 1535K [0x00000000ce000000, 0x00000000d0800000, 0x00000000ef580000)
  object space 40960K, 3% used [0x00000000ce000000,0x00000000ce17fd58,0x00000000d0800000)
 Metaspace       used 8117K, capacity 8184K, committed 8320K, reserved 1056768K
  class space    used 1016K, capacity 1048K, committed 1152K, reserved 1048576K
}
Event: 2,469 GC heap before
{Heap before GC invocations=3 (full 0):
 PSYoungGen      total 33280K, used 33255K [0x00000000ef580000, 0x00000000f1880000, 0x0000000100000000)
  eden space 30720K, 100% used [0x00000000ef580000,0x00000000f1380000,0x00000000f1380000)
  from space 2560K, 99% used [0x00000000f1600000,0x00000000f1879c28,0x00000000f1880000)
  to   space 2560K, 0% used [0x00000000f1380000,0x00000000f1380000,0x00000000f1600000)
 ParOldGen       total 40960K, used 1535K [0x00000000ce000000, 0x00000000d0800000, 0x00000000ef580000)
  object space 40960K, 3% used [0x00000000ce000000,0x00000000ce17fd58,0x00000000d0800000)
 Metaspace       used 12334K, capacity 12458K, committed 12672K, reserved 1060864K
  class space    used 1568K, capacity 1637K, committed 1664K, reserved 1048576K
Event: 2,503 GC heap after
Heap after GC invocations=3 (full 0):
 PSYoungGen      total 33280K, used 2544K [0x00000000ef580000, 0x00000000f3680000, 0x0000000100000000)
  eden space 30720K, 0% used [0x00000000ef580000,0x00000000ef580000,0x00000000f1380000)
  from space 2560K, 99% used [0x00000000f1380000,0x00000000f15fc030,0x00000000f1600000)
  to   space 2560K, 0% used [0x00000000f3400000,0x00000000f3400000,0x00000000f3680000)
 ParOldGen       total 40960K, used 6370K [0x00000000ce000000, 0x00000000d0800000, 0x00000000ef580000)
  object space 40960K, 15% used [0x00000000ce000000,0x00000000ce638bd0,0x00000000d0800000)
 Metaspace       used 12334K, capacity 12458K, committed 12672K, reserved 1060864K
  class space    used 1568K, capacity 1637K, committed 1664K, reserved 1048576K
}
Event: 3,722 GC heap before
{Heap before GC invocations=4 (full 0):
 PSYoungGen      total 33280K, used 33264K [0x00000000ef580000, 0x00000000f3680000, 0x0000000100000000)
  eden space 30720K, 100% used [0x00000000ef580000,0x00000000f1380000,0x00000000f1380000)
  from space 2560K, 99% used [0x00000000f1380000,0x00000000f15fc030,0x00000000f1600000)
  to   space 2560K, 0% used [0x00000000f3400000,0x00000000f3400000,0x00000000f3680000)
 ParOldGen       total 40960K, used 6370K [0x00000000ce000000, 0x00000000d0800000, 0x00000000ef580000)
  object space 40960K, 15% used [0x00000000ce000000,0x00000000ce638bd0,0x00000000d0800000)
 Metaspace       used 14779K, capacity 14986K, committed 15360K, reserved 1062912K
  class space    used 1836K, capacity 1936K, committed 2048K, reserved 1048576K
Event: 3,757 GC heap after
Heap after GC invocations=4 (full 0):
 PSYoungGen      total 64000K, used 2544K [0x00000000ef580000, 0x00000000f3680000, 0x0000000100000000)
  eden space 61440K, 0% used [0x00000000ef580000,0x00000000ef580000,0x00000000f3180000)
  from space 2560K, 99% used [0x00000000f3400000,0x00000000f367c030,0x00000000f3680000)
  to   space 2560K, 0% used [0x00000000f3180000,0x00000000f3180000,0x00000000f3400000)
 ParOldGen       total 40960K, used 8136K [0x00000000ce000000, 0x00000000d0800000, 0x00000000ef580000)
  object space 40960K, 19% used [0x00000000ce000000,0x00000000ce7f23d8,0x00000000d0800000)
 Metaspace       used 14779K, capacity 14986K, committed 15360K, reserved 1062912K
  class space    used 1836K, capacity 1936K, committed 2048K, reserved 1048576K
}
Event: 5,615 GC heap before
{Heap before GC invocations=5 (full 0):
 PSYoungGen      total 64000K, used 63984K [0x00000000ef580000, 0x00000000f3680000, 0x0000000100000000)
  eden space 61440K, 100% used [0x00000000ef580000,0x00000000f3180000,0x00000000f3180000)
  from space 2560K, 99% used [0x00000000f3400000,0x00000000f367c030,0x00000000f3680000)
  to   space 2560K, 0% used [0x00000000f3180000,0x00000000f3180000,0x00000000f3400000)
 ParOldGen       total 40960K, used 8136K [0x00000000ce000000, 0x00000000d0800000, 0x00000000ef580000)
  object space 40960K, 19% used [0x00000000ce000000,0x00000000ce7f23d8,0x00000000d0800000)
 Metaspace       used 16759K, capacity 17068K, committed 17280K, reserved 1064960K
  class space    used 2027K, capacity 2113K, committed 2176K, reserved 1048576K

Deoptimization events (10 events):
Event: 3,366 Thread 0x00007fe9cc00a000 Uncommon trap: reason=bimorphic action=maybe_recompile pc=0x00007fe9bd41bf1c method=java.lang.ClassLoader.loadClass(Ljava/lang/String;Z)Ljava/lang/Class; @ 38
Event: 3,366 Thread 0x00007fe9cc00a000 Uncommon trap: reason=bimorphic action=maybe_recompile pc=0x00007fe9bd41bf1c method=java.lang.ClassLoader.loadClass(Ljava/lang/String;Z)Ljava/lang/Class; @ 38
Event: 3,366 Thread 0x00007fe9cc00a000 Uncommon trap: reason=bimorphic action=maybe_recompile pc=0x00007fe9bd41bf1c method=java.lang.ClassLoader.loadClass(Ljava/lang/String;Z)Ljava/lang/Class; @ 38
Event: 3,568 Thread 0x00007fe9cc00a000 Uncommon trap: reason=unstable_if action=reinterpret pc=0x00007fe9bd2cc450 method=org.codehaus.plexus.util.xml.pull.MXParser.parseStartTag()I @ 443
Event: 3,570 Thread 0x00007fe9cc00a000 Uncommon trap: reason=unstable_if action=reinterpret pc=0x00007fe9bd288cb0 method=org.codehaus.plexus.util.xml.pull.MXParser.nextImpl()I @ 269
Event: 3,957 Thread 0x00007fe9cc00a000 Uncommon trap: reason=unstable_if action=reinterpret pc=0x00007fe9bd317954 method=java.lang.String.startsWith(Ljava/lang/String;I)Z @ 25
Event: 3,980 Thread 0x00007fe9cc00a000 Uncommon trap: reason=unstable_if action=reinterpret pc=0x00007fe9bd16888c method=java.lang.String.startsWith(Ljava/lang/String;I)Z @ 25
Event: 4,118 Thread 0x00007fe9cc00a000 Uncommon trap: reason=unstable_if action=reinterpret pc=0x00007fe9bd600594 method=org.codehaus.plexus.util.xml.pull.MXParser.nextImpl()I @ 972
Event: 4,122 Thread 0x00007fe9cc00a000 Uncommon trap: reason=unstable_if action=reinterpret pc=0x00007fe9bd314cd0 method=sun.nio.cs.UTF_8$Decoder.decode([BII[C)I @ 30
Event: 4,123 Thread 0x00007fe9cc00a000 Uncommon trap: reason=unstable_if action=reinterpret pc=0x00007fe9bd28ad98 method=sun.nio.cs.UTF_8$Decoder.decodeArrayLoop(Ljava/nio/ByteBuffer;Ljava/nio/CharBuffer;)Ljava/nio/charset/CoderResult; @ 84

Internal exceptions (10 events):
Event: 1,132 Thread 0x00007fe9cc00a000 Exception <a 'java/lang/ArrayIndexOutOfBoundsException': 71> (0x00000000ef6cf470) thrown at [/HUDSON/workspace/8-2-build-linux-amd64/jdk8u91/6644/hotspot/src/share/vm/interpreter/interpreterRuntime.cpp, line 366]
Event: 2,942 Thread 0x00007fe9cc00a000 Exception <a 'java/lang/NoClassDefFoundError': com/google/inject/servlet/ServletModuleTargetVisitor> (0x00000000efeb2018) thrown at [/HUDSON/workspace/8-2-build-linux-amd64/jdk8u91/6644/hotspot/src/share/vm/classfile/systemDictionary.cpp, line 199]
Event: 2,942 Thread 0x00007fe9cc00a000 Exception <a 'java/lang/NoClassDefFoundError'> (0x00000000efeb2018) thrown at [/HUDSON/workspace/8-2-build-linux-amd64/jdk8u91/6644/hotspot/src/share/vm/prims/jvm.cpp, line 1390]
Event: 2,943 Thread 0x00007fe9cc00a000 Exception <a 'java/lang/NoClassDefFoundError': javax/annotation/Priority> (0x00000000efeb68d8) thrown at [/HUDSON/workspace/8-2-build-linux-amd64/jdk8u91/6644/hotspot/src/share/vm/classfile/systemDictionary.cpp, line 199]
Event: 3,665 Thread 0x00007fe9cc00a000 Exception <a 'java/lang/NullPointerException'> (0x00000000f1249948) thrown at [/HUDSON/workspace/8-2-build-linux-amd64/jdk8u91/6644/hotspot/src/share/vm/interpreter/linkResolver.cpp, line 1178]
Event: 3,665 Thread 0x00007fe9cc00a000 Exception <a 'java/lang/NullPointerException'> (0x00000000f1249b60) thrown at [/HUDSON/workspace/8-2-build-linux-amd64/jdk8u91/6644/hotspot/src/share/vm/interpreter/linkResolver.cpp, line 1178]
Event: 3,665 Thread 0x00007fe9cc00a000 Exception <a 'java/lang/NullPointerException'> (0x00000000f1249d78) thrown at [/HUDSON/workspace/8-2-build-linux-amd64/jdk8u91/6644/hotspot/src/share/vm/interpreter/linkResolver.cpp, line 1178]
Event: 3,666 Thread 0x00007fe9cc00a000 Exception <a 'java/lang/NullPointerException'> (0x00000000f1252868) thrown at [/HUDSON/workspace/8-2-build-linux-amd64/jdk8u91/6644/hotspot/src/share/vm/interpreter/linkResolver.cpp, line 1178]
Event: 3,666 Thread 0x00007fe9cc00a000 Exception <a 'java/lang/NullPointerException'> (0x00000000f1252a80) thrown at [/HUDSON/workspace/8-2-build-linux-amd64/jdk8u91/6644/hotspot/src/share/vm/interpreter/linkResolver.cpp, line 1178]
Event: 3,666 Thread 0x00007fe9cc00a000 Exception <a 'java/lang/NullPointerException'> (0x00000000f1252c98) thrown at [/HUDSON/workspace/8-2-build-linux-amd64/jdk8u91/6644/hotspot/src/share/vm/interpreter/linkResolver.cpp, line 1178]

Events (10 events):
Event: 5,582 Thread 0x00007fe9cc00a000 DEOPT UNPACKING pc=0x00007fe9bd047633 sp=0x00007fe9d351ef58 mode 0
Event: 5,589 Thread 0x00007fe9cc00a000 DEOPT PACKING pc=0x00007fe9bd64d049 sp=0x00007fe9d351ea20
Event: 5,589 Thread 0x00007fe9cc00a000 DEOPT UNPACKING pc=0x00007fe9bd047633 sp=0x00007fe9d351e808 mode 0
Event: 5,600 Thread 0x00007fe9cc00a000 DEOPT PACKING pc=0x00007fe9bd6533da sp=0x00007fe9d351edf0
Event: 5,600 Thread 0x00007fe9cc00a000 DEOPT UNPACKING pc=0x00007fe9bd047633 sp=0x00007fe9d351ec90 mode 0
Event: 5,603 Thread 0x00007fe9cc00a000 DEOPT PACKING pc=0x00007fe9bd64d049 sp=0x00007fe9d351f170
Event: 5,603 Thread 0x00007fe9cc00a000 DEOPT UNPACKING pc=0x00007fe9bd047633 sp=0x00007fe9d351ef58 mode 0
Event: 5,614 Thread 0x00007fe9cc00a000 DEOPT PACKING pc=0x00007fe9bd6533da sp=0x00007fe9d351edf0
Event: 5,614 Thread 0x00007fe9cc00a000 DEOPT UNPACKING pc=0x00007fe9bd047633 sp=0x00007fe9d351ec90 mode 0
Event: 5,615 Executing VM operation: ParallelGCFailedAllocation


Dynamic libraries:
00400000-00401000 r-xp 00000000 08:02 1340308                            /usr/lib/jvm/java-8-oracle/bin/java
00600000-00601000 rw-p 00000000 08:02 1340308                            /usr/lib/jvm/java-8-oracle/bin/java
0210d000-0212e000 rw-p 00000000 00:00 0                                  [heap]
ce000000-d0800000 rw-p 00000000 00:00 0 
d0800000-ef580000 ---p 00000000 00:00 0 
ef580000-f3680000 rw-p 00000000 00:00 0 
f8180000-100000000 ---p 00000000 00:00 0 
100000000-100220000 rw-p 00000000 00:00 0 
100220000-140000000 ---p 00000000 00:00 0 
7fe9832d7000-7fe983397000 rw-p 00000000 00:00 0 
7fe983397000-7fe9834d7000 ---p 00000000 00:00 0 
7fe9834d7000-7fe9834e8000 r-xp 00000000 08:02 1466198                    /usr/lib/jvm/java-8-oracle/jre/lib/amd64/libnio.so
7fe9834e8000-7fe9836e7000 ---p 00011000 08:02 1466198                    /usr/lib/jvm/java-8-oracle/jre/lib/amd64/libnio.so
7fe9836e7000-7fe9836e8000 rw-p 00010000 08:02 1466198                    /usr/lib/jvm/java-8-oracle/jre/lib/amd64/libnio.so
7fe9836e8000-7fe9839e9000 rw-p 00000000 00:00 0 
7fe9839e9000-7fe9839ff000 r-xp 00000000 08:02 1466195                    /usr/lib/jvm/java-8-oracle/jre/lib/amd64/libnet.so
7fe9839ff000-7fe983bff000 ---p 00016000 08:02 1466195                    /usr/lib/jvm/java-8-oracle/jre/lib/amd64/libnet.so
7fe983bff000-7fe983c00000 rw-p 00016000 08:02 1466195                    /usr/lib/jvm/java-8-oracle/jre/lib/amd64/libnet.so
7fe983c00000-7fe983e00000 rw-p 00000000 00:00 0 
7fe983e00000-7fe984000000 rw-p 00000000 00:00 0 
7fe984000000-7fe984021000 rw-p 00000000 00:00 0 
7fe984021000-7fe988000000 ---p 00000000 00:00 0 
7fe988000000-7fe988021000 rw-p 00000000 00:00 0 
7fe988021000-7fe98c000000 ---p 00000000 00:00 0 
7fe98c000000-7fe98d9e1000 rw-p 00000000 00:00 0 
7fe98d9e1000-7fe990000000 ---p 00000000 00:00 0 
7fe990000000-7fe9912c0000 rw-p 00000000 00:00 0 
7fe9912c0000-7fe994000000 ---p 00000000 00:00 0 
7fe994000000-7fe994021000 rw-p 00000000 00:00 0 
7fe994021000-7fe998000000 ---p 00000000 00:00 0 
7fe998000000-7fe999bfe000 rw-p 00000000 00:00 0 
7fe999bfe000-7fe99c000000 ---p 00000000 00:00 0 
7fe99c000000-7fe99c021000 rw-p 00000000 00:00 0 
7fe99c021000-7fe9a0000000 ---p 00000000 00:00 0 
7fe9a0000000-7fe9a0021000 rw-p 00000000 00:00 0 
7fe9a0021000-7fe9a4000000 ---p 00000000 00:00 0 
7fe9a4000000-7fe9a428d000 rw-p 00000000 00:00 0 
7fe9a428d000-7fe9a8000000 ---p 00000000 00:00 0 
7fe9a80e4000-7fe9a80e5000 r--s 00005000 08:02 932849                     /home/sam/.m2/repository/org/apache/maven/plugins/maven-install-plugin/2.3.1/maven-install-plugin-2.3.1.jar
7fe9a80e5000-7fe9a80e7000 r--s 00008000 08:02 932199                     /home/sam/.m2/repository/org/apache/maven/scm/maven-scm-provider-git-commons/1.5/maven-scm-provider-git-commons-1.5.jar
7fe9a80e7000-7fe9a80e9000 r--s 00005000 08:02 932196                     /home/sam/.m2/repository/regexp/regexp/1.3/regexp-1.3.jar
7fe9a80e9000-7fe9a80eb000 r--s 0000c000 08:02 932194                     /home/sam/.m2/repository/org/apache/maven/scm/maven-scm-provider-gitexe/1.5/maven-scm-provider-gitexe-1.5.jar
7fe9a80eb000-7fe9a80ec000 r--s 00002000 08:02 793962                     /home/sam/.m2/repository/org/apache/maven/scm/maven-scm-manager-plexus/1.5/maven-scm-manager-plexus-1.5.jar
7fe9a80ec000-7fe9a80f0000 r--s 00034000 08:02 932192                     /home/sam/.m2/repository/org/codehaus/plexus/plexus-utils/3.0/plexus-utils-3.0.jar
7fe9a80f0000-7fe9a80f3000 r--s 00015000 08:02 793960                     /home/sam/.m2/repository/org/apache/maven/scm/maven-scm-api/1.5/maven-scm-api-1.5.jar
7fe9a80f3000-7fe9a80f4000 r--s 00004000 08:02 671159                     /home/sam/.m2/repository/org/kohsuke/wagon-gitsite/0.3.5/wagon-gitsite-0.3.5.jar
7fe9a80f4000-7fe9a80f8000 r--s 00097000 08:02 1466041                    /usr/lib/jvm/java-8-oracle/jre/lib/jsse.jar
7fe9a80f8000-7fe9a82f8000 rw-p 00000000 00:00 0 
7fe9a82f8000-7fe9a82fe000 r--s 00048000 08:02 1720735                    /usr/share/java/jsoup.jar
7fe9a82fe000-7fe9a8302000 r--s 00020000 08:02 1720800                    /usr/share/java/eclipse-aether-util.jar
7fe9a8302000-7fe9a8306000 r--s 00027000 08:02 1720647                    /usr/share/java/commons-io-2.4.jar
7fe9a8306000-7fe9a830a000 r--s 00027000 08:02 1720792                    /usr/share/java/eclipse-aether-impl.jar
7fe9a830a000-7fe9a833b000 r--s 00207000 08:02 1720928                    /usr/share/java/wagon-http-shaded-2.x.jar
7fe9a833b000-7fe9a833c000 r--s 00008000 08:02 1720795                    /usr/share/java/eclipse-aether-connector-basic.jar
7fe9a833c000-7fe9a8343000 r--s 00041000 08:02 1720943                    /usr/share/java/maven3-compat-3.3.9.jar
7fe9a8343000-7fe9a8345000 r--s 00006000 08:02 1720797                    /usr/share/java/eclipse-aether-spi.jar
7fe9a8345000-7fe9a8346000 r--s 00006000 08:02 1720945                    /usr/share/java/maven3-repository-metadata-3.3.9.jar
7fe9a8346000-7fe9a834a000 r--s 00038000 08:02 1720908                    /usr/share/java/plexus-utils2.jar
7fe9a834a000-7fe9a834f000 r--s 00040000 08:02 1720649                    /usr/share/java/commons-lang-2.6.jar
7fe9a834f000-7fe9a8350000 r--s 00000000 08:02 1720619                    /usr/share/java/geronimo-interceptor-3.0-spec-1.0.1.jar
7fe9a8350000-7fe9a8351000 ---p 00000000 00:00 0 
7fe9a8351000-7fe9a8451000 rw-p 00000000 00:00 0 
7fe9a8451000-7fe9a8454000 ---p 00000000 00:00 0 
7fe9a8454000-7fe9a8552000 rw-p 00000000 00:00 0 
7fe9a8552000-7fe9a8555000 ---p 00000000 00:00 0 
7fe9a8555000-7fe9a8653000 rw-p 00000000 00:00 0 
7fe9a8653000-7fe9a8656000 ---p 00000000 00:00 0 
7fe9a8656000-7fe9a8754000 rw-p 00000000 00:00 0 
7fe9a8754000-7fe9a8757000 ---p 00000000 00:00 0 
7fe9a8757000-7fe9a8855000 rw-p 00000000 00:00 0 
7fe9a8855000-7fe9a8858000 ---p 00000000 00:00 0 
7fe9a8858000-7fe9a8956000 rw-p 00000000 00:00 0 
7fe9a8956000-7fe9a9315000 r--p 00000000 08:02 1319792                    /usr/lib/locale/locale-archive
7fe9a9315000-7fe9a9318000 ---p 00000000 00:00 0 
7fe9a9318000-7fe9a9416000 rw-p 00000000 00:00 0 
7fe9a9416000-7fe9a9419000 ---p 00000000 00:00 0 
7fe9a9419000-7fe9a9517000 rw-p 00000000 00:00 0 
7fe9a9517000-7fe9a9518000 ---p 00000000 00:00 0 
7fe9a9518000-7fe9aa527000 rw-p 00000000 00:00 0 
7fe9aa527000-7fe9aa700000 r--s 03d1f000 08:02 1465989                    /usr/lib/jvm/java-8-oracle/jre/lib/rt.jar
7fe9aa700000-7fe9ac000000 rw-p 00000000 00:00 0 
7fe9ac000000-7fe9ac021000 rw-p 00000000 00:00 0 
7fe9ac021000-7fe9b0000000 ---p 00000000 00:00 0 
7fe9b0000000-7fe9b0021000 rw-p 00000000 00:00 0 
7fe9b0021000-7fe9b4000000 ---p 00000000 00:00 0 
7fe9b4000000-7fe9b4021000 rw-p 00000000 00:00 0 
7fe9b4021000-7fe9b8000000 ---p 00000000 00:00 0 
7fe9b8000000-7fe9b8021000 rw-p 00000000 00:00 0 
7fe9b8021000-7fe9bc000000 ---p 00000000 00:00 0 
7fe9bc000000-7fe9bc002000 r--s 00012000 08:02 1720623                    /usr/share/java/el-api-3.0.jar
7fe9bc002000-7fe9bc003000 r--s 00000000 08:02 1720611                    /usr/share/java/atinject-jsr330-api-1.0.jar
7fe9bc003000-7fe9bc006000 r--s 00008000 08:02 1720627                    /usr/share/java/cdi-api-1.0.jar
7fe9bc006000-7fe9bc008000 r--s 0000a000 08:02 1720925                    /usr/share/java/wagon-provider-api-2.x.jar
7fe9bc008000-7fe9bc009000 r--s 00001000 08:02 1720924                    /usr/share/java/wagon-file-2.x.jar
7fe9bc009000-7fe9bc017000 r--s 00095000 08:02 1720816                    /usr/share/java/guice.jar
7fe9bc017000-7fe9bc019000 r--s 0000a000 08:02 1720635                    /usr/share/java/commons-cli-1.3.1.jar
7fe9bc019000-7fe9bc01b000 r--s 00013000 08:02 1720947                    /usr/share/java/maven3-embedder-3.3.9.jar
7fe9bc01b000-7fe9bc020000 r--s 00025000 08:02 1720946                    /usr/share/java/maven3-model-builder-3.3.9.jar
7fe9bc020000-7fe9bc021000 r--s 00004000 08:02 1720610                    /usr/share/java/atinject-jsr330-tck-1.0.jar
7fe9bc021000-7fe9bc024000 r--s 00007000 08:02 1720950                    /usr/share/java/maven3-settings-builder-3.3.9.jar
7fe9bc024000-7fe9bc025000 r--s 00001000 08:02 1720931                    /usr/share/java/wagon-http-shared-2.x.jar
7fe9bc025000-7fe9bc02c000 r--s 0002c000 08:02 1720922                    /usr/share/java/sisu-plexus.jar
7fe9bc02c000-7fe9bc02d000 r--s 0000a000 08:02 1720941                    /usr/share/java/maven3-settings-3.3.9.jar
7fe9bc02d000-7fe9bc02f000 r--s 00005000 08:02 1720798                    /usr/share/java/eclipse-aether-transport-wagon.jar
7fe9bc02f000-7fe9bc031000 r--s 00002000 08:02 1720862                    /usr/share/java/plexus-cipher.jar
7fe9bc031000-7fe9bc033000 r--s 0000d000 08:02 1720949                    /usr/share/java/maven3-aether-provider-3.3.9.jar
7fe9bc033000-7fe9bc05f000 r--s 00208000 08:02 1720739                    /usr/share/java/guava.jar
7fe9bc05f000-7fe9bc061000 r--s 00007000 08:02 1720719                    /usr/share/java/slf4j-api.jar
7fe9bc061000-7fe9bc063000 r--s 00001000 08:02 1720811                    /usr/share/java/aopalliance-1.0.jar
7fe9bc063000-7fe9bc065000 r--s 00000000 08:02 1720912                    /usr/share/java/plexus-component-annotations-1.5.jar
7fe9bc065000-7fe9bc06d000 r--s 00054000 08:02 1720920                    /usr/share/java/sisu-inject.jar
7fe9bc06d000-7fe9bc06f000 r--s 0000e000 08:02 1720698                    /usr/share/java/plexus-interpolation.jar
7fe9bc06f000-7fe9bc071000 r--s 00027000 08:02 1720948                    /usr/share/java/maven3-model-3.3.9.jar
7fe9bc071000-7fe9bc074000 r--s 0000a000 08:02 1720952                    /usr/share/java/maven3-artifact-3.3.9.jar
7fe9bc074000-7fe9bc079000 r--s 0001d000 08:02 1720799                    /usr/share/java/eclipse-aether-api.jar
7fe9bc079000-7fe9bc07b000 r--s 00001000 08:02 1720951                    /usr/share/java/maven3-builder-support-3.3.9.jar
7fe9bc07b000-7fe9bc088000 r--s 0008d000 08:02 1720944                    /usr/share/java/maven3-core-3.3.9.jar
7fe9bc088000-7fe9bcaf1000 rw-p 00000000 00:00 0 
7fe9bcaf1000-7fe9bcaf2000 ---p 00000000 00:00 0 
7fe9bcaf2000-7fe9bcbf2000 rw-p 00000000 00:00 0 
7fe9bcbf2000-7fe9bcbf3000 ---p 00000000 00:00 0 
7fe9bcbf3000-7fe9bccf3000 rw-p 00000000 00:00 0 
7fe9bccf3000-7fe9bccf4000 ---p 00000000 00:00 0 
7fe9bccf4000-7fe9bcdf4000 rw-p 00000000 00:00 0 
7fe9bcdf4000-7fe9bcdf5000 ---p 00000000 00:00 0 
7fe9bcdf5000-7fe9bcf09000 rw-p 00000000 00:00 0 
7fe9bcf09000-7fe9bd000000 ---p 00000000 00:00 0 
7fe9bd000000-7fe9bd7e0000 rwxp 00000000 00:00 0 
7fe9bd7e0000-7fe9cc000000 ---p 00000000 00:00 0 
7fe9cc000000-7fe9ccc58000 rw-p 00000000 00:00 0 
7fe9ccc58000-7fe9d0000000 ---p 00000000 00:00 0 
7fe9d0000000-7fe9d0001000 r--s 00002000 08:02 1720716                    /usr/share/java/slf4j-simple.jar
7fe9d0001000-7fe9d0057000 rw-p 00000000 00:00 0 
7fe9d0057000-7fe9d014d000 ---p 00000000 00:00 0 
7fe9d014d000-7fe9d016f000 rw-p 00000000 00:00 0 
7fe9d016f000-7fe9d01d3000 ---p 00000000 00:00 0 
7fe9d01d3000-7fe9d01f4000 rw-p 00000000 00:00 0 
7fe9d01f4000-7fe9d0594000 ---p 00000000 00:00 0 
7fe9d0594000-7fe9d05ae000 r-xp 00000000 08:02 1466191                    /usr/lib/jvm/java-8-oracle/jre/lib/amd64/libzip.so
7fe9d05ae000-7fe9d07ae000 ---p 0001a000 08:02 1466191                    /usr/lib/jvm/java-8-oracle/jre/lib/amd64/libzip.so
7fe9d07ae000-7fe9d07af000 rw-p 0001a000 08:02 1466191                    /usr/lib/jvm/java-8-oracle/jre/lib/amd64/libzip.so
7fe9d07af000-7fe9d07ba000 r-xp 00000000 08:02 398626                     /lib/x86_64-linux-gnu/libnss_files-2.23.so
7fe9d07ba000-7fe9d09b9000 ---p 0000b000 08:02 398626                     /lib/x86_64-linux-gnu/libnss_files-2.23.so
7fe9d09b9000-7fe9d09ba000 r--p 0000a000 08:02 398626                     /lib/x86_64-linux-gnu/libnss_files-2.23.so
7fe9d09ba000-7fe9d09bb000 rw-p 0000b000 08:02 398626                     /lib/x86_64-linux-gnu/libnss_files-2.23.so
7fe9d09bb000-7fe9d09c1000 rw-p 00000000 00:00 0 
7fe9d09c1000-7fe9d09cc000 r-xp 00000000 08:02 398636                     /lib/x86_64-linux-gnu/libnss_nis-2.23.so
7fe9d09cc000-7fe9d0bcb000 ---p 0000b000 08:02 398636                     /lib/x86_64-linux-gnu/libnss_nis-2.23.so
7fe9d0bcb000-7fe9d0bcc000 r--p 0000a000 08:02 398636                     /lib/x86_64-linux-gnu/libnss_nis-2.23.so
7fe9d0bcc000-7fe9d0bcd000 rw-p 0000b000 08:02 398636                     /lib/x86_64-linux-gnu/libnss_nis-2.23.so
7fe9d0bcd000-7fe9d0be3000 r-xp 00000000 08:02 398620                     /lib/x86_64-linux-gnu/libnsl-2.23.so
7fe9d0be3000-7fe9d0de2000 ---p 00016000 08:02 398620                     /lib/x86_64-linux-gnu/libnsl-2.23.so
7fe9d0de2000-7fe9d0de3000 r--p 00015000 08:02 398620                     /lib/x86_64-linux-gnu/libnsl-2.23.so
7fe9d0de3000-7fe9d0de4000 rw-p 00016000 08:02 398620                     /lib/x86_64-linux-gnu/libnsl-2.23.so
7fe9d0de4000-7fe9d0de6000 rw-p 00000000 00:00 0 
7fe9d0de6000-7fe9d0dee000 r-xp 00000000 08:02 398622                     /lib/x86_64-linux-gnu/libnss_compat-2.23.so
7fe9d0dee000-7fe9d0fed000 ---p 00008000 08:02 398622                     /lib/x86_64-linux-gnu/libnss_compat-2.23.so
7fe9d0fed000-7fe9d0fee000 r--p 00007000 08:02 398622                     /lib/x86_64-linux-gnu/libnss_compat-2.23.so
7fe9d0fee000-7fe9d0fef000 rw-p 00008000 08:02 398622                     /lib/x86_64-linux-gnu/libnss_compat-2.23.so
7fe9d0fef000-7fe9d1019000 r-xp 00000000 08:02 1466186                    /usr/lib/jvm/java-8-oracle/jre/lib/amd64/libjava.so
7fe9d1019000-7fe9d1219000 ---p 0002a000 08:02 1466186                    /usr/lib/jvm/java-8-oracle/jre/lib/amd64/libjava.so
7fe9d1219000-7fe9d121b000 rw-p 0002a000 08:02 1466186                    /usr/lib/jvm/java-8-oracle/jre/lib/amd64/libjava.so
7fe9d121b000-7fe9d1228000 r-xp 00000000 08:02 1466190                    /usr/lib/jvm/java-8-oracle/jre/lib/amd64/libverify.so
7fe9d1228000-7fe9d1428000 ---p 0000d000 08:02 1466190                    /usr/lib/jvm/java-8-oracle/jre/lib/amd64/libverify.so
7fe9d1428000-7fe9d142a000 rw-p 0000d000 08:02 1466190                    /usr/lib/jvm/java-8-oracle/jre/lib/amd64/libverify.so
7fe9d142a000-7fe9d1431000 r-xp 00000000 08:02 398681                     /lib/x86_64-linux-gnu/librt-2.23.so
7fe9d1431000-7fe9d1630000 ---p 00007000 08:02 398681                     /lib/x86_64-linux-gnu/librt-2.23.so
7fe9d1630000-7fe9d1631000 r--p 00006000 08:02 398681                     /lib/x86_64-linux-gnu/librt-2.23.so
7fe9d1631000-7fe9d1632000 rw-p 00007000 08:02 398681                     /lib/x86_64-linux-gnu/librt-2.23.so
7fe9d1632000-7fe9d173a000 r-xp 00000000 08:02 398597                     /lib/x86_64-linux-gnu/libm-2.23.so
7fe9d173a000-7fe9d1939000 ---p 00108000 08:02 398597                     /lib/x86_64-linux-gnu/libm-2.23.so
7fe9d1939000-7fe9d193a000 r--p 00107000 08:02 398597                     /lib/x86_64-linux-gnu/libm-2.23.so
7fe9d193a000-7fe9d193b000 rw-p 00108000 08:02 398597                     /lib/x86_64-linux-gnu/libm-2.23.so
7fe9d193b000-7fe9d25fb000 r-xp 00000000 08:02 1466169                    /usr/lib/jvm/java-8-oracle/jre/lib/amd64/server/libjvm.so
7fe9d25fb000-7fe9d27fb000 ---p 00cc0000 08:02 1466169                    /usr/lib/jvm/java-8-oracle/jre/lib/amd64/server/libjvm.so
7fe9d27fb000-7fe9d28d3000 rw-p 00cc0000 08:02 1466169                    /usr/lib/jvm/java-8-oracle/jre/lib/amd64/server/libjvm.so
7fe9d28d3000-7fe9d291e000 rw-p 00000000 00:00 0 
7fe9d291e000-7fe9d2ade000 r-xp 00000000 08:02 398527                     /lib/x86_64-linux-gnu/libc-2.23.so
7fe9d2ade000-7fe9d2cdd000 ---p 001c0000 08:02 398527                     /lib/x86_64-linux-gnu/libc-2.23.so
7fe9d2cdd000-7fe9d2ce1000 r--p 001bf000 08:02 398527                     /lib/x86_64-linux-gnu/libc-2.23.so
7fe9d2ce1000-7fe9d2ce3000 rw-p 001c3000 08:02 398527                     /lib/x86_64-linux-gnu/libc-2.23.so
7fe9d2ce3000-7fe9d2ce7000 rw-p 00000000 00:00 0 
7fe9d2ce7000-7fe9d2cea000 r-xp 00000000 08:02 398551                     /lib/x86_64-linux-gnu/libdl-2.23.so
7fe9d2cea000-7fe9d2ee9000 ---p 00003000 08:02 398551                     /lib/x86_64-linux-gnu/libdl-2.23.so
7fe9d2ee9000-7fe9d2eea000 r--p 00002000 08:02 398551                     /lib/x86_64-linux-gnu/libdl-2.23.so
7fe9d2eea000-7fe9d2eeb000 rw-p 00003000 08:02 398551                     /lib/x86_64-linux-gnu/libdl-2.23.so
7fe9d2eeb000-7fe9d2f00000 r-xp 00000000 08:02 1341616                    /usr/lib/jvm/java-8-oracle/lib/amd64/jli/libjli.so
7fe9d2f00000-7fe9d3100000 ---p 00015000 08:02 1341616                    /usr/lib/jvm/java-8-oracle/lib/amd64/jli/libjli.so
7fe9d3100000-7fe9d3101000 rw-p 00015000 08:02 1341616                    /usr/lib/jvm/java-8-oracle/lib/amd64/jli/libjli.so
7fe9d3101000-7fe9d3119000 r-xp 00000000 08:02 398673                     /lib/x86_64-linux-gnu/libpthread-2.23.so
7fe9d3119000-7fe9d3318000 ---p 00018000 08:02 398673                     /lib/x86_64-linux-gnu/libpthread-2.23.so
7fe9d3318000-7fe9d3319000 r--p 00017000 08:02 398673                     /lib/x86_64-linux-gnu/libpthread-2.23.so
7fe9d3319000-7fe9d331a000 rw-p 00018000 08:02 398673                     /lib/x86_64-linux-gnu/libpthread-2.23.so
7fe9d331a000-7fe9d331e000 rw-p 00000000 00:00 0 
7fe9d331e000-7fe9d3344000 r-xp 00000000 08:02 398499                     /lib/x86_64-linux-gnu/ld-2.23.so
7fe9d3344000-7fe9d3346000 r--s 0000a000 08:02 1720942                    /usr/share/java/maven3-plugin-api-3.3.9.jar
7fe9d3346000-7fe9d334d000 r--s 0005d000 08:02 1720651                    /usr/share/java/commons-lang3.jar
7fe9d334d000-7fe9d334f000 r--s 0000a000 08:02 1720906                    /usr/share/java/plexus-classworlds2-2.5.2.jar
7fe9d334f000-7fe9d3421000 rw-p 00000000 00:00 0 
7fe9d3421000-7fe9d3424000 ---p 00000000 00:00 0 
7fe9d3424000-7fe9d3526000 rw-p 00000000 00:00 0 
7fe9d3526000-7fe9d3527000 r--s 00006000 08:02 1720864                    /usr/share/java/plexus-sec-dispatcher.jar
7fe9d3527000-7fe9d3537000 rw-p 00000000 00:00 0 
7fe9d3537000-7fe9d353f000 rw-s 00000000 08:02 526911                     /tmp/hsperfdata_sam/4173
7fe9d353f000-7fe9d3540000 rw-p 00000000 00:00 0 
7fe9d3540000-7fe9d3541000 ---p 00000000 00:00 0 
7fe9d3541000-7fe9d3543000 rw-p 00000000 00:00 0 
7fe9d3543000-7fe9d3544000 r--p 00025000 08:02 398499                     /lib/x86_64-linux-gnu/ld-2.23.so
7fe9d3544000-7fe9d3545000 rw-p 00026000 08:02 398499                     /lib/x86_64-linux-gnu/ld-2.23.so
7fe9d3545000-7fe9d3546000 rw-p 00000000 00:00 0 
7fffda453000-7fffda474000 rw-p 00000000 00:00 0                          [stack]
7fffda4b8000-7fffda4ba000 r--p 00000000 00:00 0                          [vvar]
7fffda4ba000-7fffda4bc000 r-xp 00000000 00:00 0                          [vdso]
ffffffffff600000-ffffffffff601000 r-xp 00000000 00:00 0                  [vsyscall]

VM Arguments:
jvm_args: -Xmx800m -Dclassworlds.conf=/usr/share/maven/bin/m2.conf -Dmaven.home=/usr/share/maven -Dmaven.multiModuleProjectDirectory=/home/sam/Desktop/jenkins 
java_command: org.codehaus.plexus.classworlds.launcher.Launcher jenkins-dev:run
java_class_path (initial): /usr/share/maven/boot/plexus-classworlds-2.x.jar
Launcher Type: SUN_STANDARD

Environment Variables:
JAVA_HOME=/usr/lib/jvm/java-8-oracle
PATH=/usr/local/sbin:/usr/local/bin:/usr/sbin:/usr/bin:/sbin:/bin:/usr/games:/usr/local/games:/snap/bin
SHELL=/bin/bash
DISPLAY=:0

Signal Handlers:
SIGSEGV: [libjvm.so+0xabca10], sa_mask[0]=11111111011111111101111111111110, sa_flags=SA_RESTART|SA_SIGINFO
SIGBUS: [libjvm.so+0xabca10], sa_mask[0]=11111111011111111101111111111110, sa_flags=SA_RESTART|SA_SIGINFO
SIGFPE: [libjvm.so+0x919a20], sa_mask[0]=11111111011111111101111111111110, sa_flags=SA_RESTART|SA_SIGINFO
SIGPIPE: [libjvm.so+0x919a20], sa_mask[0]=11111111011111111101111111111110, sa_flags=SA_RESTART|SA_SIGINFO
SIGXFSZ: [libjvm.so+0x919a20], sa_mask[0]=11111111011111111101111111111110, sa_flags=SA_RESTART|SA_SIGINFO
SIGILL: [libjvm.so+0x919a20], sa_mask[0]=11111111011111111101111111111110, sa_flags=SA_RESTART|SA_SIGINFO
SIGUSR1: SIG_DFL, sa_mask[0]=00000000000000000000000000000000, sa_flags=none
SIGUSR2: [libjvm.so+0x91b050], sa_mask[0]=00000000000000000000000000000000, sa_flags=SA_RESTART|SA_SIGINFO
SIGHUP: [libjvm.so+0x91c450], sa_mask[0]=11111111011111111101111111111110, sa_flags=SA_RESTART|SA_SIGINFO
SIGINT: [libjvm.so+0x91c450], sa_mask[0]=11111111011111111101111111111110, sa_flags=SA_RESTART|SA_SIGINFO
SIGTERM: [libjvm.so+0x91c450], sa_mask[0]=11111111011111111101111111111110, sa_flags=SA_RESTART|SA_SIGINFO
SIGQUIT: [libjvm.so+0x91c450], sa_mask[0]=11111111011111111101111111111110, sa_flags=SA_RESTART|SA_SIGINFO


---------------  S Y S T E M  ---------------

OS:DISTRIB_ID=Ubuntu
DISTRIB_RELEASE=16.04
DISTRIB_CODENAME=xenial
DISTRIB_DESCRIPTION="Ubuntu 16.04 LTS"

uname:Linux 4.4.0-24-generic #43-Ubuntu SMP Wed Jun 8 19:27:37 UTC 2016 x86_64
libc:glibc 2.23 NPTL 2.23 
rlimit: STACK 8192k, CORE 0k, NPROC 15184, NOFILE 65536, AS infinity
load average:3,48 2,84 2,81

/proc/meminfo:
MemTotal:        3925912 kB
MemFree:          112808 kB
MemAvailable:      67180 kB
Buffers:            1780 kB
Cached:           455400 kB
SwapCached:            0 kB
Active:          3292664 kB
Inactive:         366984 kB
Active(anon):    3271772 kB
Inactive(anon):   345340 kB
Active(file):      20892 kB
Inactive(file):    21644 kB
Unevictable:           0 kB
Mlocked:               0 kB
SwapTotal:             0 kB
SwapFree:              0 kB
Dirty:              1664 kB
Writeback:             0 kB
AnonPages:       3203684 kB
Mapped:           184728 kB
Shmem:            413380 kB
Slab:              69724 kB
SReclaimable:      35152 kB
SUnreclaim:        34572 kB
KernelStack:        9488 kB
PageTables:        38676 kB
NFS_Unstable:          0 kB
Bounce:                0 kB
WritebackTmp:          0 kB
CommitLimit:     1962956 kB
Committed_AS:    7651304 kB
VmallocTotal:   34359738367 kB
VmallocUsed:           0 kB
VmallocChunk:          0 kB
HardwareCorrupted:     0 kB
AnonHugePages:    921600 kB
CmaTotal:              0 kB
CmaFree:               0 kB
HugePages_Total:       0
HugePages_Free:        0
HugePages_Rsvd:        0
HugePages_Surp:        0
Hugepagesize:       2048 kB
DirectMap4k:      103164 kB
DirectMap2M:     3971072 kB


CPU:total 4 (2 cores per cpu, 2 threads per core) family 6 model 58 stepping 9, cmov, cx8, fxsr, mmx, sse, sse2, sse3, ssse3, sse4.1, sse4.2, popcnt, avx, aes, clmul, erms, ht, tsc, tscinvbit, tscinv

/proc/cpuinfo:
processor	: 0
vendor_id	: GenuineIntel
cpu family	: 6
model		: 58
model name	: Intel(R) Core(TM) i5-3337U CPU @ 1.80GHz
stepping	: 9
microcode	: 0x1c
cpu MHz		: 1672.101
cache size	: 3072 KB
physical id	: 0
siblings	: 4
core id		: 0
cpu cores	: 2
apicid		: 0
initial apicid	: 0
fpu		: yes
fpu_exception	: yes
cpuid level	: 13
wp		: yes
flags		: fpu vme de pse tsc msr pae mce cx8 apic sep mtrr pge mca cmov pat pse36 clflush dts acpi mmx fxsr sse sse2 ss ht tm pbe syscall nx rdtscp lm constant_tsc arch_perfmon pebs bts rep_good nopl xtopology nonstop_tsc aperfmperf eagerfpu pni pclmulqdq dtes64 monitor ds_cpl vmx est tm2 ssse3 cx16 xtpr pdcm pcid sse4_1 sse4_2 x2apic popcnt tsc_deadline_timer aes xsave avx f16c rdrand lahf_lm epb tpr_shadow vnmi flexpriority ept vpid fsgsbase smep erms xsaveopt dtherm ida arat pln pts
bugs		:
bogomips	: 3592.05
clflush size	: 64
cache_alignment	: 64
address sizes	: 36 bits physical, 48 bits virtual
power management:

processor	: 1
vendor_id	: GenuineIntel
cpu family	: 6
model		: 58
model name	: Intel(R) Core(TM) i5-3337U CPU @ 1.80GHz
stepping	: 9
microcode	: 0x1c
cpu MHz		: 1691.718
cache size	: 3072 KB
physical id	: 0
siblings	: 4
core id		: 0
cpu cores	: 2
apicid		: 1
initial apicid	: 1
fpu		: yes
fpu_exception	: yes
cpuid level	: 13
wp		: yes
flags		: fpu vme de pse tsc msr pae mce cx8 apic sep mtrr pge mca cmov pat pse36 clflush dts acpi mmx fxsr sse sse2 ss ht tm pbe syscall nx rdtscp lm constant_tsc arch_perfmon pebs bts rep_good nopl xtopology nonstop_tsc aperfmperf eagerfpu pni pclmulqdq dtes64 monitor ds_cpl vmx est tm2 ssse3 cx16 xtpr pdcm pcid sse4_1 sse4_2 x2apic popcnt tsc_deadline_timer aes xsave avx f16c rdrand lahf_lm epb tpr_shadow vnmi flexpriority ept vpid fsgsbase smep erms xsaveopt dtherm ida arat pln pts
bugs		:
bogomips	: 3592.05
clflush size	: 64
cache_alignment	: 64
address sizes	: 36 bits physical, 48 bits virtual
power management:

processor	: 2
vendor_id	: GenuineIntel
cpu family	: 6
model		: 58
model name	: Intel(R) Core(TM) i5-3337U CPU @ 1.80GHz
stepping	: 9
microcode	: 0x1c
cpu MHz		: 1497.164
cache size	: 3072 KB
physical id	: 0
siblings	: 4
core id		: 1
cpu cores	: 2
apicid		: 2
initial apicid	: 2
fpu		: yes
fpu_exception	: yes
cpuid level	: 13
wp		: yes
flags		: fpu vme de pse tsc msr pae mce cx8 apic sep mtrr pge mca cmov pat pse36 clflush dts acpi mmx fxsr sse sse2 ss ht tm pbe syscall nx rdtscp lm constant_tsc arch_perfmon pebs bts rep_good nopl xtopology nonstop_tsc aperfmperf eagerfpu pni pclmulqdq dtes64 monitor ds_cpl vmx est tm2 ssse3 cx16 xtpr pdcm pcid sse4_1 sse4_2 x2apic popcnt tsc_deadline_timer aes xsave avx f16c rdrand lahf_lm epb tpr_shadow vnmi flexpriority ept vpid fsgsbase smep erms xsaveopt dtherm ida arat pln pts
bugs		:
bogomips	: 3592.05
clflush size	: 64
cache_alignment	: 64
address sizes	: 36 bits physical, 48 bits virtual
power management:

processor	: 3
vendor_id	: GenuineIntel
cpu family	: 6
model		: 58
model name	: Intel(R) Core(TM) i5-3337U CPU @ 1.80GHz
stepping	: 9
microcode	: 0x1c
cpu MHz		: 1699.945
cache size	: 3072 KB
physical id	: 0
siblings	: 4
core id		: 1
cpu cores	: 2
apicid		: 3
initial apicid	: 3
fpu		: yes
fpu_exception	: yes
cpuid level	: 13
wp		: yes
flags		: fpu vme de pse tsc msr pae mce cx8 apic sep mtrr pge mca cmov pat pse36 clflush dts acpi mmx fxsr sse sse2 ss ht tm pbe syscall nx rdtscp lm constant_tsc arch_perfmon pebs bts rep_good nopl xtopology nonstop_tsc aperfmperf eagerfpu pni pclmulqdq dtes64 monitor ds_cpl vmx est tm2 ssse3 cx16 xtpr pdcm pcid sse4_1 sse4_2 x2apic popcnt tsc_deadline_timer aes xsave avx f16c rdrand lahf_lm epb tpr_shadow vnmi flexpriority ept vpid fsgsbase smep erms xsaveopt dtherm ida arat pln pts
bugs		:
bogomips	: 3592.05
clflush size	: 64
cache_alignment	: 64
address sizes	: 36 bits physical, 48 bits virtual
power management:



Memory: 4k page, physical 3925912k(112560k free), swap 0k(0k free)

vm_info: Java HotSpot(TM) 64-Bit Server VM (25.91-b14) for linux-amd64 JRE (1.8.0_91-b14), built on Apr  1 2016 00:57:21 by "java_re" with gcc 4.3.0 20080428 (Red Hat 4.3.0-8)

time: Mon Jun 27 21:34:31 2016
elapsed time: 5 seconds (0d 0h 0m 5s)

